<?xml version="1.0" encoding="UTF-8"?>
<testsuite xmlns:xsi="http://www.w3.org/2001/XMLSchema-instance" xsi:noNamespaceSchemaLocation="https://maven.apache.org/surefire/maven-surefire-plugin/xsd/surefire-test-report-3.0.xsd" version="3.0" name="com.duynd.bookservice.BookserviceApplicationTests" time="34.457" tests="1" errors="0" skipped="0" failures="0">
  <properties>
[...]
</properties>
  <testcase name="contextLoads" classname="com.duynd.bookservice.BookserviceApplicationTests" time="1.773">
    <system-out><![CDATA[21:03:38.630 [main] INFO org.springframework.test.context.support.AnnotationConfigContextLoaderUtils -- Could not detect default configuration classes for test class [com.duynd.bookservice.BookserviceApplicationTests]: BookserviceApplicationTests does not declare any static, non-private, non-final, nested classes annotated with @Configuration.
21:03:39.761 [main] INFO org.springframework.boot.test.context.SpringBootTestContextBootstrapper -- Found @SpringBootConfiguration com.duynd.bookservice.BookserviceApplication for test class com.duynd.bookservice.BookserviceApplicationTests

  .   ____          _            __ _ _
 /\\ / ___'_ __ _ _(_)_ __  __ _ \ \ \ \
( ( )\___ | '_ | '_| | '_ \/ _` | \ \ \ \
 \\/  ___)| |_)| | | | | || (_| |  ) ) ) )
  '  |____| .__|_| |_|_| |_\__, | / / / /
 =========|_|==============|___/=/_/_/_/
 :: Spring Boot ::               (v3.2.10)

2024-11-16T21:03:42.148+07:00  INFO 7184 --- [bookservice] [           main] c.d.b.BookserviceApplicationTests        : Starting BookserviceApplicationTests using Java 17.0.11 with PID 7184 (started by mrduy in /Users/mrduy/IdeaProjects/springboot-microservice-project-sample/bookservice)
2024-11-16T21:03:42.153+07:00  INFO 7184 --- [bookservice] [           main] c.d.b.BookserviceApplicationTests        : No active profile set, falling back to 1 default profile: "default"
2024-11-16T21:03:45.818+07:00  INFO 7184 --- [bookservice] [           main] .s.d.r.c.RepositoryConfigurationDelegate : Bootstrapping Spring Data JPA repositories in DEFAULT mode.
2024-11-16T21:03:46.000+07:00  INFO 7184 --- [bookservice] [           main] .s.d.r.c.RepositoryConfigurationDelegate : Finished Spring Data repository scanning in 144 ms. Found 0 JPA repository interfaces.
2024-11-16T21:03:46.716+07:00  INFO 7184 --- [bookservice] [           main] o.s.cloud.context.scope.GenericScope     : BeanFactory id=89427b0a-b013-3b97-8682-2901454ed7de
2024-11-16T21:03:47.979+07:00  WARN 7184 --- [bookservice] [           main] trationDelegate$BeanPostProcessorChecker : Bean 'org.springframework.cloud.client.loadbalancer.LoadBalancerAutoConfiguration$DeferringLoadBalancerInterceptorConfig' of type [org.springframework.cloud.client.loadbalancer.LoadBalancerAutoConfiguration$DeferringLoadBalancerInterceptorConfig] is not eligible for getting processed by all BeanPostProcessors (for example: not eligible for auto-proxying). The currently created BeanPostProcessor [lbRestClientPostProcessor] is declared through a non-static factory method on that class; consider declaring it as static instead.
2024-11-16T21:03:47.985+07:00  WARN 7184 --- [bookservice] [           main] trationDelegate$BeanPostProcessorChecker : Bean 'deferringLoadBalancerInterceptor' of type [org.springframework.cloud.client.loadbalancer.DeferringLoadBalancerInterceptor] is not eligible for getting processed by all BeanPostProcessors (for example: not eligible for auto-proxying). Is this bean getting eagerly injected into a currently created BeanPostProcessor [lbRestClientPostProcessor]? Check the corresponding BeanPostProcessor declaration and its dependencies.
2024-11-16T21:03:48.439+07:00  INFO 7184 --- [bookservice] [           main] o.hibernate.jpa.internal.util.LogHelper  : HHH000204: Processing PersistenceUnitInfo [name: default]
2024-11-16T21:03:48.666+07:00  INFO 7184 --- [bookservice] [           main] org.hibernate.Version                    : HHH000412: Hibernate ORM core version 6.4.10.Final
2024-11-16T21:03:48.730+07:00  INFO 7184 --- [bookservice] [           main] o.h.c.internal.RegionFactoryInitiator    : HHH000026: Second-level cache disabled
2024-11-16T21:03:49.772+07:00  INFO 7184 --- [bookservice] [           main] o.s.o.j.p.SpringPersistenceUnitInfo      : No LoadTimeWeaver setup: ignoring JPA class transformer
2024-11-16T21:03:49.947+07:00  INFO 7184 --- [bookservice] [           main] com.zaxxer.hikari.HikariDataSource       : HikariPool-1 - Starting...
2024-11-16T21:03:50.433+07:00  INFO 7184 --- [bookservice] [           main] com.zaxxer.hikari.pool.HikariPool        : HikariPool-1 - Added connection conn0: url=jdbc:h2:mem:bookDB user=SA
2024-11-16T21:03:50.436+07:00  INFO 7184 --- [bookservice] [           main] com.zaxxer.hikari.HikariDataSource       : HikariPool-1 - Start completed.
2024-11-16T21:03:50.613+07:00  WARN 7184 --- [bookservice] [           main] org.hibernate.orm.deprecation            : HHH90000025: H2Dialect does not need to be specified explicitly using 'hibernate.dialect' (remove the property setting and it will be selected by default)
2024-11-16T21:04:00.560+07:00  INFO 7184 --- [bookservice] [           main] o.h.e.t.j.p.i.JtaPlatformInitiator       : HHH000489: No JTA platform available (set 'hibernate.transaction.jta.platform' to enable JTA platform integration)
2024-11-16T21:04:00.871+07:00  INFO 7184 --- [bookservice] [           main] j.LocalContainerEntityManagerFactoryBean : Initialized JPA EntityManagerFactory for persistence unit 'default'
2024-11-16T21:04:02.099+07:00  WARN 7184 --- [bookservice] [           main] JpaBaseConfiguration$JpaWebConfiguration : spring.jpa.open-in-view is enabled by default. Therefore, database queries may be performed during view rendering. Explicitly configure spring.jpa.open-in-view to disable this warning
2024-11-16T21:04:04.291+07:00  INFO 7184 --- [bookservice] [           main] o.a.s.a.XStreamAutoConfiguration         : Initializing an XStream instance since none was found. The auto configuration base packages will be used as wildcards for the XStream security settings.
2024-11-16T21:04:04.932+07:00  INFO 7184 --- [bookservice] [           main] o.a.s.util.XStreamSecurityTypeUtility    : Constructing wildcard type for base package [com.duynd.bookservice].
2024-11-16T21:04:04.933+07:00  INFO 7184 --- [bookservice] [           main] o.a.s.util.XStreamSecurityTypeUtility    : Constructing wildcard type for base package [org.axonframework.eventhandling.tokenstore].
2024-11-16T21:04:04.933+07:00  INFO 7184 --- [bookservice] [           main] o.a.s.util.XStreamSecurityTypeUtility    : Constructing wildcard type for base package [org.axonframework.eventhandling.deadletter.jpa].
2024-11-16T21:04:04.933+07:00  INFO 7184 --- [bookservice] [           main] o.a.s.util.XStreamSecurityTypeUtility    : Constructing wildcard type for base package [org.axonframework.modelling.saga.repository.jpa].
2024-11-16T21:04:04.948+07:00  INFO 7184 --- [bookservice] [           main] o.a.serialization.ChainingConverter      : ContentTypeConverter of type [class org.axonframework.serialization.xml.Dom4JToByteArrayConverter] is ignored. It seems to rely on a class that is not available in the class loader: org/dom4j/Document
2024-11-16T21:04:04.949+07:00  INFO 7184 --- [bookservice] [           main] o.a.serialization.ChainingConverter      : ContentTypeConverter of type [class org.axonframework.serialization.xml.InputStreamToDom4jConverter] is ignored. It seems to rely on a class that is not available in the class loader: org/dom4j/Document
2024-11-16T21:04:04.950+07:00  INFO 7184 --- [bookservice] [           main] o.a.serialization.ChainingConverter      : ContentTypeConverter of type [class org.axonframework.serialization.xml.XomToStringConverter] is ignored. It seems to rely on a class that is not available in the class loader: nu/xom/Document
2024-11-16T21:04:04.951+07:00  INFO 7184 --- [bookservice] [           main] o.a.serialization.ChainingConverter      : ContentTypeConverter of type [class org.axonframework.serialization.xml.InputStreamToXomConverter] is ignored. It seems to rely on a class that is not available in the class loader: nu/xom/ParsingException
2024-11-16T21:04:05.167+07:00  INFO 7184 --- [bookservice] [           main] o.a.config.AxonIQConsoleModule           : 
################################################################################################
## You have not configured AxonIQ Console. AxonIQ Console provides out-of-the box monitoring  ##
## and management capabilities for your Axon Application, starting with it is free.           ##
## Visit https://console.axoniq.io for more information!                                      ##
## Suppress this message by setting system property disable-axoniq-console-message to true.   ##
################################################################################################

2024-11-16T21:04:05.490+07:00  INFO 7184 --- [bookservice] [           main] o.s.b.a.h2.H2ConsoleAutoConfiguration    : H2 console available at '/h2-console'. Database available at 'jdbc:h2:mem:bookDB'
2024-11-16T21:04:05.666+07:00  INFO 7184 --- [bookservice] [           main] DiscoveryClientOptionalArgsConfiguration : Eureka HTTP Client uses RestTemplate.
2024-11-16T21:04:05.768+07:00  WARN 7184 --- [bookservice] [           main] iguration$LoadBalancerCaffeineWarnLogger : Spring Cloud LoadBalancer is currently working with the default cache. While this cache implementation is useful for development and tests, it's recommended to use Caffeine cache in production.You can switch to using Caffeine cache, by adding it and org.springframework.cache.caffeine.CaffeineCacheManager to the classpath.
2024-11-16T21:04:05.814+07:00  INFO 7184 --- [bookservice] [           main] o.s.c.n.eureka.InstanceInfoFactory       : Setting initial instance status as: STARTING
2024-11-16T21:04:05.876+07:00  INFO 7184 --- [bookservice] [           main] com.netflix.discovery.DiscoveryClient    : Initializing Eureka in region us-east-1
2024-11-16T21:04:05.882+07:00  INFO 7184 --- [bookservice] [           main] c.n.d.s.r.aws.ConfigClusterResolver      : Resolving eureka endpoints via configuration
2024-11-16T21:04:05.899+07:00  INFO 7184 --- [bookservice] [           main] com.netflix.discovery.DiscoveryClient    : Disable delta property : false
2024-11-16T21:04:05.900+07:00  INFO 7184 --- [bookservice] [           main] com.netflix.discovery.DiscoveryClient    : Single vip registry refresh property : null
2024-11-16T21:04:05.900+07:00  INFO 7184 --- [bookservice] [           main] com.netflix.discovery.DiscoveryClient    : Force full registry fetch : false
2024-11-16T21:04:05.900+07:00  INFO 7184 --- [bookservice] [           main] com.netflix.discovery.DiscoveryClient    : Application is null : false
2024-11-16T21:04:05.900+07:00  INFO 7184 --- [bookservice] [           main] com.netflix.discovery.DiscoveryClient    : Registered Applications size is zero : true
2024-11-16T21:04:05.900+07:00  INFO 7184 --- [bookservice] [           main] com.netflix.discovery.DiscoveryClient    : Application version is -1: true
2024-11-16T21:04:05.900+07:00  INFO 7184 --- [bookservice] [           main] com.netflix.discovery.DiscoveryClient    : Getting all instance registry info from the eureka server
2024-11-16T21:04:06.951+07:00  INFO 7184 --- [bookservice] [           main] com.netflix.discovery.DiscoveryClient    : The response status is 200
2024-11-16T21:04:06.957+07:00  INFO 7184 --- [bookservice] [           main] com.netflix.discovery.DiscoveryClient    : Starting heartbeat executor: renew interval is: 30
2024-11-16T21:04:06.961+07:00  INFO 7184 --- [bookservice] [           main] c.n.discovery.InstanceInfoReplicator     : InstanceInfoReplicator onDemand update allowed rate per min is 4
2024-11-16T21:04:06.964+07:00  INFO 7184 --- [bookservice] [           main] com.netflix.discovery.DiscoveryClient    : Discovery Client initialized at timestamp 1731765846962 with initial instances count: 1
2024-11-16T21:04:06.970+07:00  INFO 7184 --- [bookservice] [           main] o.s.c.n.e.s.EurekaServiceRegistry        : Registering application BOOKSERVICE with eureka with status UP
2024-11-16T21:04:06.970+07:00  INFO 7184 --- [bookservice] [           main] com.netflix.discovery.DiscoveryClient    : Saw local status change event StatusChangeEvent [timestamp=1731765846970, current=UP, previous=STARTING]
2024-11-16T21:04:06.977+07:00  INFO 7184 --- [bookservice] [foReplicator-%d] com.netflix.discovery.DiscoveryClient    : DiscoveryClient_BOOKSERVICE/192.168.62.100:bookservice:9001: registering service...
2024-11-16T21:04:07.115+07:00  INFO 7184 --- [bookservice] [foReplicator-%d] com.netflix.discovery.DiscoveryClient    : DiscoveryClient_BOOKSERVICE/192.168.62.100:bookservice:9001 - registration status: 204
2024-11-16T21:04:07.789+07:00  INFO 7184 --- [bookservice] [           main] i.a.a.c.impl.AxonServerManagedChannel    : Requesting connection details from localhost:8124
2024-11-16T21:04:10.243+07:00  INFO 7184 --- [bookservice] [           main] i.a.a.c.impl.AxonServerManagedChannel    : Successfully connected to localhost:8124
2024-11-16T21:04:10.264+07:00  INFO 7184 --- [bookservice] [           main] i.a.a.connector.impl.ControlChannelImpl  : Connected instruction stream for context 'default'. Sending client identification
2024-11-16T21:04:10.335+07:00  INFO 7184 --- [bookservice] [           main] c.d.b.BookserviceApplicationTests        : Started BookserviceApplicationTests in 29.605 seconds (process running for 35.872)
]]></system-out>
  </testcase>
</testsuite>